TN:
SF:C:\MyProjects\H5-help-center\test-example\functions.js
FN:,onlyNumber
FNF:1
FNH:1
FNDA:14,onlyNumber
DA:3,1
DA:7,14
DA:11,1
LF:3
LH:3
BRF:0
BRH:0
end_of_record
TN:
SF:C:\MyProjects\H5-help-center\test-example\hello.vue
FN:31,data
FNF:1
FNH:1
FNDA:1,data
DA:0,1
DA:27,1
LF:2
LH:2
BRF:0
BRH:0
end_of_record
TN:
SF:C:\MyProjects\H5-help-center\test-example\tag.js
FN:,(anonymous_0)
FN:,(anonymous_1)
FN:,parse
FNF:3
FNH:2
FNDA:0,(anonymous_0)
FNDA:1,(anonymous_1)
FNDA:2,parse
DA:3,1
DA:10,2
DA:11,2
DA:12,1
DA:15,2
DA:16,4
DA:17,4
DA:18,4
DA:19,4
DA:20,4
DA:21,4
DA:22,4
DA:23,4
DA:24,2
DA:26,4
DA:30,2
DA:33,1
LF:17
LH:17
BRDA:,0,0,0
BRDA:,0,1,1
BRDA:,1,0,1
BRDA:,1,1,0
BRDA:,2,0,0
BRDA:,2,1,1
BRDA:,3,0,1
BRDA:,3,1,1
BRDA:,3,2,0
BRDA:,3,3,0
BRDA:,4,0,1
BRDA:,4,1,1
BRDA:,5,0,2
BRDA:,5,1,1
BRDA:,6,0,1
BRDA:,6,1,1
BRDA:,7,0,4
BRDA:,7,1,0
BRDA:,8,0,4
BRDA:,8,1,0
BRDA:,9,0,2
BRDA:,9,1,2
BRF:22
BRH:15
end_of_record
